<?xml version="1.0" encoding="UTF-8"?>
<!-- Generated by org.testng.reporters.JUnitReportReporter -->
<testsuite skipped="0" hostname="ARAVINDKSV" name="com.vtiger.genericLib.Assertions" tests="4" failures="0" timestamp="21 Dec 2021 06:30:26 GMT" time="0.042" errors="0">
  <testcase name="checkStrictHardAssertion" time="0.002" classname="com.vtiger.genericLib.Assertions"/>
  <testcase name="checkPartialSoftAssertion" time="0.009" classname="com.vtiger.genericLib.Assertions"/>
  <testcase name="checkStrictSoftAssertion" time="0.004" classname="com.vtiger.genericLib.Assertions"/>
  <testcase name="checkContainsHardAssertion" time="0.027" classname="com.vtiger.genericLib.Assertions"/>
</testsuite> <!-- com.vtiger.genericLib.Assertions -->
