<?xml version="1.0" encoding="UTF-8"?>
<!-- Generated by org.testng.reporters.JUnitReportReporter -->
<testsuite skipped="0" hostname="ARAVINDKSV" name="com.vtiger.testscripts.CreateNewContact" tests="1" failures="0" timestamp="15 Sep 2021 06:49:15 GMT" time="26.404" errors="0">
  <testcase name="newCreateContact" time="26.404" classname="com.vtiger.testscripts.CreateNewContact"/>
</testsuite> <!-- com.vtiger.testscripts.CreateNewContact -->
