<?xml version="1.0" encoding="UTF-8"?>
<!-- Generated by org.testng.reporters.JUnitReportReporter -->
<testsuite skipped="0" hostname="ARAVINDKSV" name="com.vtiger.testscripts.CreateNewProduct" tests="1" failures="0" timestamp="15 Sep 2021 06:49:15 GMT" time="25.647" errors="0">
  <testcase name="newCreateProduct" time="25.647" classname="com.vtiger.testscripts.CreateNewProduct"/>
</testsuite> <!-- com.vtiger.testscripts.CreateNewProduct -->
