<?xml version="1.0" encoding="UTF-8"?>
<!-- Generated by org.testng.reporters.JUnitReportReporter -->
<testsuite skipped="0" hostname="ARAVINDKSV" name="com.vtiger.testscripts.CreateNewContact$newCreateContact" tests="1" failures="0" timestamp="19 Aug 2021 13:20:28 GMT" time="16.180" errors="0">
  <testcase name="newCreateProduct" time="16.180" classname="com.vtiger.testscripts.CreateNewContact$newCreateContact"/>
</testsuite> <!-- com.vtiger.testscripts.CreateNewContact$newCreateContact -->
