<?xml version="1.0" encoding="UTF-8"?>
<!-- Generated by org.testng.reporters.JUnitReportReporter -->
<testsuite skipped="0" hostname="ARAVINDKSV" name="com.vtiger.testscripts.CreateNewLeads$newCreateLeads" tests="1" failures="0" timestamp="19 Aug 2021 13:03:18 GMT" time="27.377" errors="0">
  <testcase name="newCreateLead" time="27.377" classname="com.vtiger.testscripts.CreateNewLeads$newCreateLeads"/>
</testsuite> <!-- com.vtiger.testscripts.CreateNewLeads$newCreateLeads -->
